Command line:
   counter_3bit_isim_beh.exe
     -simmode  gui
     -simrunnum  0
     -socket  53777

Tue Oct 27 22:21:02 2020


 Elaboration Time: 0.046875 sec

 Current Memory Usage: 5176.29 Meg

 Total Signals          : 53
 Total Nets             : 35
 Total Signal Drivers   : 13
 Total Blocks           : 11
 Total Primitive Blocks : 7
 Total Processes        : 13
 Total Traceable Variables  : 13
 Total Scalar Nets and Variables : 400
Total Line Count : 15

 Total Simulation Time: 1.03125 sec

 Current Memory Usage: 4704.43 Meg

Tue Oct 27 22:27:40 2020

