Running: C:\Xilinx\14.7\ISE_DS\ISE\bin\nt64\unwrapped\fuse.exe -intstyle ise -incremental -o C:/project/GIT/vhdl-projects/Library/CounterLogic3Bit/CouterLogic3Bit/CouterLogic_3Bit_isim_beh.exe -prj C:/project/GIT/vhdl-projects/Library/CounterLogic3Bit/CouterLogic3Bit/CouterLogic_3Bit_beh.prj work.CouterLogic_3Bit 
ISim P.20131013 (signature 0x7708f090)
Number of CPUs detected in this system: 4
Turning on mult-threading, number of parallel sub-compilation jobs: 8 
Determining compilation order of HDL files
Parsing VHDL file "C:/project/GIT/vhdl-projects/Library/CounterLogic3Bit/CouterLogic3Bit/FA.vhd" into library work
Parsing VHDL file "C:/project/GIT/vhdl-projects/Library/CounterLogic3Bit/CouterLogic3Bit/MUX2_1.vhd" into library work
Parsing VHDL file "C:/project/GIT/vhdl-projects/Library/CounterLogic3Bit/CouterLogic3Bit/adderNbit.vhd" into library work
Parsing VHDL file "C:/project/GIT/vhdl-projects/Library/CounterLogic3Bit/CouterLogic3Bit/CouterLogic_3Bit.vhd" into library work
Starting static elaboration
Completed static elaboration
Compiling package standard
Compiling package std_logic_1164
Compiling architecture behavioral of entity MUX2_1 [\MUX2_1(3)\]
Compiling architecture behavioral of entity FA [fa_default]
Compiling architecture structural of entity adderNbit [\adderNbit(3)\]
Compiling architecture structural of entity couterlogic_3bit
Time Resolution for simulation is 1ps.
Waiting for 1 sub-compilation(s) to finish...
Compiled 9 VHDL Units
Built simulation executable C:/project/GIT/vhdl-projects/Library/CounterLogic3Bit/CouterLogic3Bit/CouterLogic_3Bit_isim_beh.exe
Fuse Memory Usage: 30284 KB
Fuse CPU Usage: 546 ms
