ISim log file
Running: C:\project\GIT\vhdl-projects\Library\Adder3Bit\Adder3Bit_Proj\adder3bit_isim_beh.exe -intstyle ise -gui -tclbatch isim.cmd -wdb C:/project/GIT/vhdl-projects/Library/Adder3Bit/Adder3Bit_Proj/adder3bit_isim_beh.wdb 
ISim P.20131013 (signature 0x7708f090)
----------------------------------------------------------------------
INFO:Security:61 - The XILINXD_LICENSE_FILE environment variable is not set.
INFO:Security:63 - The LM_LICENSE_FILE environment variable is not set.
INFO:Security:68 - For more information or for assistance in obtaining 
 a license, please run the Xilinx License Configuration Manager
       (xlcm or "Manage Xilinx Licenses".)
INFO:Security:68a - user is Miguel Tom‚, on host DESKTOP-BKDJTQO.
ERROR:Security:14 - No feature was available for 'ISIM'.

No such feature exists.
Feature:       ISIM
License path:  C:/.Xilinx\Xilinx.lic;C:\Xilinx\14.7\ISE_DS\ISE\/coregen/core_licenses\Xilinx.lic;C:\Xilinx\14.7\ISE_DS\ISE\/coregen/core_licenses\XilinxFree.lic;C:\Xilinx\14.7\ISE_DS\EDK/data/core_licenses\Xilinx.lic;
FLEXnet Licensing error:-5,357
For further information, refer to the FLEXnet Licensing documentation,
available at "www.flexerasoftware.com".
----------------------------------------------------------------------
WARNING: A full ISim License cannot be checked out due to the issues listed above. Please use Xilinx License Configuration Manager to fix these issues in order to check out a full ISim license.
WARNING: ISim will run in Lite mode. Please refer to the ISim documentation for more information on the differences between the Lite and the Full version.
This is a Lite version of ISim.
Time resolution is 1 ps
# onerror resume
# wave add /
# run 1000 ns
Simulator is doing circuit initialization process.
Finished circuit initialization process.
# isim force add /adder3bit/a 000 -radix bin
# isim force add /adder3bit/b 000 -radix bin
# isim force add /adder3bit/cin 0 -radix bin
# run 1.00us
# isim force add /adder3bit/cin 1 -radix bin
# run 1.00us
# isim force add /adder3bit/a 100 -radix bin
# run 1.00us
# isim force add /adder3bit/b 011 -radix bin
# run 1.00us
# isim force add /adder3bit/a 000 -radix bin
# run 1.00us
