Command line:
   CouterLogic_3Bit_isim_beh.exe
     -simmode  gui
     -simrunnum  0
     -socket  52684

Tue Oct 27 20:04:49 2020


 Elaboration Time: 0.0625 sec

 Current Memory Usage: 5176.34 Meg

 Total Signals          : 42
 Total Nets             : 30
 Total Signal Drivers   : 11
 Total Blocks           : 9
 Total Primitive Blocks : 6
 Total Processes        : 11
 Total Traceable Variables  : 12
 Total Scalar Nets and Variables : 394
Total Line Count : 11

 Total Simulation Time: 0.40625 sec

 Current Memory Usage: 4704.48 Meg

Tue Oct 27 20:08:36 2020

