Command line:
   adder3bit_isim_beh.exe
     -simmode  gui
     -simrunnum  0
     -socket  53508

Thu Oct 22 21:21:39 2020


 Elaboration Time: 0.046875 sec

 Current Memory Usage: 5176.31 Meg

 Total Signals          : 24
 Total Nets             : 16
 Total Signal Drivers   : 9
 Total Blocks           : 5
 Total Primitive Blocks : 4
 Total Processes        : 9
 Total Traceable Variables  : 8
 Total Scalar Nets and Variables : 376
Total Line Count : 9

 Total Simulation Time: 0.40625 sec

 Current Memory Usage: 4704.45 Meg

Thu Oct 22 21:26:43 2020

